# JRE version: OpenJDK Runtime Environment (11.0.4+11) (build 11.0.4+11-post-Ubuntu-1ubuntu219.04)
# Java VM: OpenJDK 64-Bit Server VM (11.0.4+11-post-Ubuntu-1ubuntu219.04, mixed mode, tiered, g1 gc, linux-amd64)
Heap:
 garbage-first heap   total 10911744K, used 998568K [0x00007e98ac000000, 0x00007efcac000000)
  region size 32768K, 4 young (131072K), 4 survivors (131072K)
 Metaspace       used 16740K, capacity 16974K, committed 17152K, reserved 18432K
GC Heap History (10 events):
Event: 3.346 GC heap after
{Heap after GC invocations=16 (full 0):
 garbage-first heap   total 1441792K, used 416284K [0x00007e98ac000000, 0x00007efcac000000)
  region size 32768K, 2 young (65536K), 2 survivors (65536K)
 Metaspace       used 16703K, capacity 16938K, committed 17152K, reserved 18432K
}
Event: 3.691 GC heap before
{Heap before GC invocations=16 (full 0):
 garbage-first heap   total 1441792K, used 842268K [0x00007e98ac000000, 0x00007efcac000000)
  region size 32768K, 16 young (524288K), 2 survivors (65536K)
 Metaspace       used 16703K, capacity 16938K, committed 17152K, reserved 18432K
}
Event: 3.726 GC heap after
{Heap after GC invocations=17 (full 0):
 garbage-first heap   total 3932160K, used 498145K [0x00007e98ac000000, 0x00007efcac000000)
  region size 32768K, 2 young (65536K), 2 survivors (65536K)
 Metaspace       used 16703K, capacity 16938K, committed 17152K, reserved 18432K
}
Event: 4.544 GC heap before
{Heap before GC invocations=17 (full 0):
 garbage-first heap   total 3932160K, used 1186273K [0x00007e98ac000000, 0x00007efcac000000)
  region size 32768K, 23 young (753664K), 2 survivors (65536K)
 Metaspace       used 16740K, capacity 16974K, committed 17152K, reserved 18432K
}
Event: 4.732 GC heap after
{Heap after GC invocations=18 (full 0):
 garbage-first heap   total 3932160K, used 615734K [0x00007e98ac000000, 0x00007efcac000000)
  region size 32768K, 3 young (98304K), 3 survivors (98304K)
 Metaspace       used 16740K, capacity 16974K, committed 17152K, reserved 18432K
}
Event: 5.318 GC heap before
{Heap before GC invocations=18 (full 0):
 garbage-first heap   total 3932160K, used 1336630K [0x00007e98ac000000, 0x00007efcac000000)
  region size 32768K, 25 young (819200K), 3 survivors (98304K)
 Metaspace       used 16740K, capacity 16974K, committed 17152K, reserved 18432K
}
Event: 5.380 GC heap after
{Heap after GC invocations=19 (full 0):
 garbage-first heap   total 3932160K, used 757085K [0x00007e98ac000000, 0x00007efcac000000)
  region size 32768K, 4 young (131072K), 4 survivors (131072K)
 Metaspace       used 16740K, capacity 16974K, committed 17152K, reserved 18432K
}
Event: 6.020 GC heap before
{Heap before GC invocations=19 (full 0):
 garbage-first heap   total 3932160K, used 1510749K [0x00007e98ac000000, 0x00007efcac000000)
  region size 32768K, 27 young (884736K), 4 survivors (131072K)
 Metaspace       used 16740K, capacity 16974K, committed 17152K, reserved 18432K
}
Event: 6.081 GC heap after
{Heap after GC invocations=20 (full 0):
 garbage-first heap   total 3932160K, used 867919K [0x00007e98ac000000, 0x00007efcac000000)
  region size 32768K, 4 young (131072K), 4 survivors (131072K)
 Metaspace       used 16740K, capacity 16974K, committed 17152K, reserved 18432K
}
Event: 6.660 GC heap before
{Heap before GC invocations=20 (full 0):
 garbage-first heap   total 3932160K, used 1687119K [0x00007e98ac000000, 0x00007efcac000000)
  region size 32768K, 29 young (950272K), 4 survivors (131072K)
 Metaspace       used 16740K, capacity 16974K, committed 17152K, reserved 18432K
}

